<?xml version="1.0" encoding="UTF-8"?>
<!-- Generated by org.testng.reporters.JUnitXMLReporter -->
<testsuite hostname="ip-192-168-88-62.eu-central-1.compute.internal" ignored="0" name="Surefire test" tests="1" failures="0" timestamp="26 Sep 2020 10:37:15 GMT" time="5.003" errors="0">
  <testcase name="@BeforeClass setup" time="4.708" classname="tests.BaseTest">
    <failure type="java.lang.VerifyError" message="Expecting a stackmap frame at branch target 45
Exception Details:
  Location:
    pageobject/LoginPage.loginAs(Ljava/lang/String;Ljava/lang/String;)Lpageobject/HomePage; @19: invokestatic
  Reason:
    Expected stackmap frame at this location.
  Bytecode:
    0x0000000: 2b3a 042c 3a05 b200 702a 2a19 0419 05b8
    0x0000010: 0076 4eb8 007c 2db6 0080 2a2b b700 032a
    0x0000020: 2cb7 0004 2ab7 0005 3a07 a700 103a 06b8
    0x0000030: 007c 1906 b600 8419 06bf b800 7cb6 0087
    0x0000040: 1907 b0                                
  Exception Handler Table:
    bci [19, 45] =&amp;gt; handler: 45
">
      <![CDATA[java.lang.VerifyError: Expecting a stackmap frame at branch target 45
Exception Details:
  Location:
    pageobject/LoginPage.loginAs(Ljava/lang/String;Ljava/lang/String;)Lpageobject/HomePage; @19: invokestatic
  Reason:
    Expected stackmap frame at this location.
  Bytecode:
    0x0000000: 2b3a 042c 3a05 b200 702a 2a19 0419 05b8
    0x0000010: 0076 4eb8 007c 2db6 0080 2a2b b700 032a
    0x0000020: 2cb7 0004 2ab7 0005 3a07 a700 103a 06b8
    0x0000030: 007c 1906 b600 8419 06bf b800 7cb6 0087
    0x0000040: 1907 b0                                
  Exception Handler Table:
    bci [19, 45] => handler: 45

at java.lang.Class.getDeclaredConstructors0(Native Method)
at java.lang.Class.privateGetDeclaredConstructors(Class.java:2671)
at java.lang.Class.getConstructor0(Class.java:3075)
at java.lang.Class.getConstructor(Class.java:1825)
at org.openqa.selenium.support.PageFactory.instantiatePage(PageFactory.java:128)
at org.openqa.selenium.support.PageFactory.initElements(PageFactory.java:64)
at tests.BaseTest.setup(BaseTest.java:33)
... Removed 31 stack frames]]>
    </failure>
  </testcase> <!-- @BeforeClass setup -->
  <testcase name="@AfterClass tearDown" time="0.0" classname="tests.BaseTest">
    <skipped/>
  </testcase> <!-- @AfterClass tearDown -->
  <testcase name="test" time="0.0" classname="tests.LoginTest">
    <skipped/>
  </testcase> <!-- test -->
</testsuite> <!-- Surefire test -->
