<?xml version="1.0" encoding="UTF-8"?>
<testng-results skipped="0" failed="0" ignored="0" total="1" passed="1">
  <reporter-output>
  </reporter-output>
  <suite name="Command line suite" duration-ms="8131" started-at="2020-09-26T10:40:01Z" finished-at="2020-09-26T10:40:10Z">
    <groups>
    </groups>
    <test name="Command line test" duration-ms="8131" started-at="2020-09-26T10:40:01Z" finished-at="2020-09-26T10:40:10Z">
      <class name="tests.LoginTest">
        <test-method status="PASS" signature="setup(enums.BrowserEnum, java.lang.String, enums.EnvironmentEnum)[pri:0, instance:tests.LoginTest@3a079870]" name="setup" is-config="true" duration-ms="4451" started-at="2020-09-26T10:40:01Z" finished-at="2020-09-26T10:40:06Z">
          <params>
            <param index="0">
              <value>
                <![CDATA[CHROME]]>
              </value>
            </param>
            <param index="1">
              <value>
                <![CDATA[85]]>
              </value>
            </param>
            <param index="2">
              <value>
                <![CDATA[LOCAL]]>
              </value>
            </param>
          </params>
          <reporter-output>
          </reporter-output>
        </test-method> <!-- setup -->
        <test-method status="PASS" signature="test()[pri:0, instance:tests.LoginTest@3a079870]" name="test" duration-ms="3439" started-at="2020-09-26T10:40:06Z" finished-at="2020-09-26T10:40:09Z">
          <reporter-output>
          </reporter-output>
        </test-method> <!-- test -->
        <test-method status="PASS" signature="tearDown()[pri:0, instance:tests.LoginTest@3a079870]" name="tearDown" is-config="true" duration-ms="108" started-at="2020-09-26T10:40:09Z" finished-at="2020-09-26T10:40:10Z">
          <reporter-output>
          </reporter-output>
        </test-method> <!-- tearDown -->
      </class> <!-- tests.LoginTest -->
    </test> <!-- Command line test -->
  </suite> <!-- Command line suite -->
</testng-results>
